Using pre-set license
Built from '2022.3/staging' branch; Version is '2022.3.37f1 (340ba89e4c23) revision 3410856'; Using compiler version '192829333'; Build Type 'Release'
OS: 'Windows 11  (10.0.22631) 64bit CoreSingleLanguage' Language: 'en' Physical Memory: 16167 MB
BatchMode: 1, IsHumanControllingUs: 0, StartBugReporterOnCrash: 0, Is64bit: 1, IsPro: 1

COMMAND LINE ARGUMENTS:
E:\UNITY PROGRAM\2022.3.37f1\Editor\Unity.exe
-adb2
-batchMode
-noUpm
-name
AssetImportWorker1
-projectPath
E:/1234567/Controller 4.3
-logFile
Logs/AssetImportWorker1.log
-srvPort
61044
Successfully changed project path to: E:/1234567/Controller 4.3
E:/1234567/Controller 4.3
[UnityMemory] Configuration Parameters - Can be set up in boot.config
    "memorysetup-bucket-allocator-granularity=16"
    "memorysetup-bucket-allocator-bucket-count=8"
    "memorysetup-bucket-allocator-block-size=33554432"
    "memorysetup-bucket-allocator-block-count=8"
    "memorysetup-main-allocator-block-size=16777216"
    "memorysetup-thread-allocator-block-size=16777216"
    "memorysetup-gfx-main-allocator-block-size=16777216"
    "memorysetup-gfx-thread-allocator-block-size=16777216"
    "memorysetup-cache-allocator-block-size=4194304"
    "memorysetup-typetree-allocator-block-size=2097152"
    "memorysetup-profiler-bucket-allocator-granularity=16"
    "memorysetup-profiler-bucket-allocator-bucket-count=8"
    "memorysetup-profiler-bucket-allocator-block-size=33554432"
    "memorysetup-profiler-bucket-allocator-block-count=8"
    "memorysetup-profiler-allocator-block-size=16777216"
    "memorysetup-profiler-editor-allocator-block-size=1048576"
    "memorysetup-temp-allocator-size-main=16777216"
    "memorysetup-job-temp-allocator-block-size=2097152"
    "memorysetup-job-temp-allocator-block-size-background=1048576"
    "memorysetup-job-temp-allocator-reduction-small-platforms=262144"
    "memorysetup-allocator-temp-initial-block-size-main=262144"
    "memorysetup-allocator-temp-initial-block-size-worker=262144"
    "memorysetup-temp-allocator-size-background-worker=32768"
    "memorysetup-temp-allocator-size-job-worker=262144"
    "memorysetup-temp-allocator-size-preload-manager=33554432"
    "memorysetup-temp-allocator-size-nav-mesh-worker=65536"
    "memorysetup-temp-allocator-size-audio-worker=65536"
    "memorysetup-temp-allocator-size-cloud-worker=32768"
    "memorysetup-temp-allocator-size-gi-baking-worker=262144"
    "memorysetup-temp-allocator-size-gfx=262144"
Player connection [3160] Host "[IP] 26.43.14.113 [Port] 0 [Flags] 2 [Guid] 3151225520 [EditorId] 3151225520 [Version] 1048832 [Id] WindowsEditor(7,LAPTOP-C59G5QKK) [Debug] 1 [PackageName] WindowsEditor [ProjectName] Editor" joined multi-casting on [225.0.0.222:54997]...

Player connection [3160] Host "[IP] 26.43.14.113 [Port] 0 [Flags] 2 [Guid] 3151225520 [EditorId] 3151225520 [Version] 1048832 [Id] WindowsEditor(7,LAPTOP-C59G5QKK) [Debug] 1 [PackageName] WindowsEditor [ProjectName] Editor" joined alternative multi-casting on [225.0.0.222:34997]...

[PhysX] Initialized MultithreadedTaskDispatcher with 8 workers.
received signal from system: SIGSEGV
Obtained 27 stack frames
0x00007ff71e36992d (Unity) 
0x00007ff71e36e9d9 (Unity) 
0x00007ff71f35acb1 (Unity) 
0x00007ff71e36de26 (Unity) 
0x00007ff71e36915c (Unity) 
0x00007ff72077f768 (Unity) udnSetPath
0x00007ff720845300 (Unity) udnSetPath
0x00007ff7207484e0 (Unity) udnSetPath
0x00007ffaf5d151df (ntdll) _chkstk
0x00007ffaf5c8e866 (ntdll) RtlFindCharInUnicodeString
0x00007ffaf5d141ce (ntdll) KiUserExceptionDispatcher
0x00007ff71db65530 (Unity) 
0x00007ff71db64008 (Unity) 
0x00007ff71db72c4c (Unity) 
0x00007ff71db64721 (Unity) 
0x00007ff71db6ec6e (Unity) 
0x00007ff71e08b1eb (Unity) 
0x00007ff71f6fa194 (Unity) udnSetPath
0x00007ff71f6f9d4d (Unity) udnSetPath
0x00007ff71f6f9ec6 (Unity) udnSetPath
0x00007ff71f6ca9f8 (Unity) udnSetPath
0x00007ff71f648455 (Unity) udnSetPath
0x00007ff71eed1860 (Unity) 
0x00007ff71f365765 (Unity) 
0x00007ff720725e5e (Unity) udnSetPath
0x00007ffaf436257d (KERNEL32) 
0x00007ffaf5ccaf28 (ntdll) RtlUserThreadStart

Crash!!!
SymInit: Symbol-SearchPath: '.;E:\1234567\Controller 4.3;E:\1234567\Controller 4.3\Library\BurstCache\JIT;E:\UNITY PROGRAM\2022.3.37f1\Editor;C:\WINDOWS;C:\WINDOWS\system32;', symOptions: 534, UserName: 'USER'
OS-Version: 10.0.0
E:\UNITY PROGRAM\2022.3.37f1\Editor\Unity.exe:Unity.exe (00007FF71D180000), size: 82391040 (result: 0), SymType: '-exported-', PDB: 'E:\UNITY PROGRAM\2022.3.37f1\Editor\Unity.exe', fileVersion: 2022.3.37.2984
C:\WINDOWS\SYSTEM32\ntdll.dll:ntdll.dll (00007FFAF5C70000), size: 2191360 (result: 0), SymType: '-exported-', PDB: 'C:\WINDOWS\SYSTEM32\ntdll.dll', fileVersion: 10.0.22621.4111
C:\WINDOWS\System32\KERNEL32.DLL:KERNEL32.DLL (00007FFAF4350000), size: 802816 (result: 0), SymType: '-nosymbols-', PDB: 'C:\WINDOWS\System32\KERNEL32.DLL', fileVersion: 10.0.22621.3958
C:\WINDOWS\System32\KERNELBASE.dll:KERNELBASE.dll (00007FFAF2F90000), size: 3854336 (result: 0), SymType: '-nosymbols-', PDB: 'C:\WINDOWS\System32\KERNELBASE.dll', fileVersion: 10.0.22621.4111
C:\WINDOWS\System32\CRYPT32.dll:CRYPT32.dll (00007FFAF3770000), size: 1466368 (result: 0), SymType: '-nosymbols-', PDB: 'C:\WINDOWS\System32\CRYPT32.dll', fileVersion: 10.0.22621.4169
C:\WINDOWS\System32\ucrtbase.dll:ucrtbase.dll (00007FFAF3530000), size: 1118208 (result: 0), SymType: '-nosymbols-', PDB: 'C:\WINDOWS\System32\ucrtbase.dll', fileVersion: 10.0.22621.3593
C:\WINDOWS\System32\USER32.dll:USER32.dll (00007FFAF4650000), size: 1761280 (result: 0), SymType: '-exported-', PDB: 'C:\WINDOWS\System32\USER32.dll', fileVersion: 10.0.22621.4111
C:\WINDOWS\System32\win32u.dll:win32u.dll (00007FFAF3340000), size: 155648 (result: 0), SymType: '-exported-', PDB: 'C:\WINDOWS\System32\win32u.dll', fileVersion: 10.0.22621.4169
E:\UNITY PROGRAM\2022.3.37f1\Editor\s3tcompress.dll:s3tcompress.dll (00007FFA870C0000), size: 180224 (result: 0), SymType: '-exported-', PDB: 'E:\UNITY PROGRAM\2022.3.37f1\Editor\s3tcompress.dll'
C:\WINDOWS\System32\GDI32.dll:GDI32.dll (00007FFAF50F0000), size: 167936 (result: 0), SymType: '-exported-', PDB: 'C:\WINDOWS\System32\GDI32.dll', fileVersion: 10.0.22621.4036
E:\UNITY PROGRAM\2022.3.37f1\Editor\etccompress.dll:etccompress.dll (00007FFA763C0000), size: 5066752 (result: 0), SymType: '-exported-', PDB: 'E:\UNITY PROGRAM\2022.3.37f1\Editor\etccompress.dll'
E:\UNITY PROGRAM\2022.3.37f1\Editor\libfbxsdk.dll:libfbxsdk.dll (00007FFA47FB0000), size: 10063872 (result: 0), SymType: '-nosymbols-', PDB: 'E:\UNITY PROGRAM\2022.3.37f1\Editor\libfbxsdk.dll', fileVersion: 2020.3.4.0
E:\UNITY PROGRAM\2022.3.37f1\Editor\ispc_texcomp.dll:ispc_texcomp.dll (00007FFA85AC0000), size: 1826816 (result: 0), SymType: '-nosymbols-', PDB: 'E:\UNITY PROGRAM\2022.3.37f1\Editor\ispc_texcomp.dll'
C:\WINDOWS\System32\gdi32full.dll:gdi32full.dll (00007FFAF3650000), size: 1150976 (result: 0), SymType: '-nosymbols-', PDB: 'C:\WINDOWS\System32\gdi32full.dll', fileVersion: 10.0.22621.3958
E:\UNITY PROGRAM\2022.3.37f1\Editor\compress_bc7e.dll:compress_bc7e.dll (00007FFA86F60000), size: 1433600 (result: 0), SymType: '-exported-', PDB: 'E:\UNITY PROGRAM\2022.3.37f1\Editor\compress_bc7e.dll'
C:\WINDOWS\System32\msvcp_win.dll:msvcp_win.dll (00007FFAF3420000), size: 630784 (result: 0), SymType: '-exported-', PDB: 'C:\WINDOWS\System32\msvcp_win.dll', fileVersion: 10.0.22621.3374
E:\UNITY PROGRAM\2022.3.37f1\Editor\FreeImage.dll:FreeImage.dll (0000000180000000), size: 6582272 (result: 0), SymType: '-exported-', PDB: 'E:\UNITY PROGRAM\2022.3.37f1\Editor\FreeImage.dll', fileVersion: 3.18.0.0
C:\WINDOWS\System32\ADVAPI32.dll:ADVAPI32.dll (00007FFAF4480000), size: 729088 (result: 0), SymType: '-exported-', PDB: 'C:\WINDOWS\System32\ADVAPI32.dll', fileVersion: 10.0.22621.3810
E:\UNITY PROGRAM\2022.3.37f1\Editor\WinPixEventRuntime.dll:WinPixEventRuntime.dll (00007FFAB9270000), size: 45056 (result: 0), SymType: '-nosymbols-', PDB: 'E:\UNITY PROGRAM\2022.3.37f1\Editor\WinPixEventRuntime.dll', fileVersion: 1.0.1812.6001
C:\WINDOWS\System32\msvcrt.dll:msvcrt.dll (00007FFAF5A40000), size: 684032 (result: 0), SymType: '-exported-', PDB: 'C:\WINDOWS\System32\msvcrt.dll', fileVersion: 7.0.22621.2506
C:\WINDOWS\System32\sechost.dll:sechost.dll (00007FFAF5AF0000), size: 692224 (result: 0), SymType: '-nosymbols-', PDB: 'C:\WINDOWS\System32\sechost.dll', fileVersion: 10.0.22621.3810
C:\WINDOWS\System32\bcrypt.dll:bcrypt.dll (00007FFAF3370000), size: 163840 (result: 0), SymType: '-nosymbols-', PDB: 'C:\WINDOWS\System32\bcrypt.dll', fileVersion: 10.0.22621.2506
C:\WINDOWS\System32\WS2_32.dll:WS2_32.dll (00007FFAF5070000), size: 462848 (result: 0), SymType: '-nosymbols-', PDB: 'C:\WINDOWS\System32\WS2_32.dll', fileVersion: 10.0.22621.1
E:\UNITY PROGRAM\2022.3.37f1\Editor\umbraoptimizer64.dll:umbraoptimizer64.dll (00007FFA85990000), size: 1187840 (result: 0), SymType: '-nosymbols-', PDB: 'E:\UNITY PROGRAM\2022.3.37f1\Editor\umbraoptimizer64.dll'
C:\WINDOWS\System32\RPCRT4.dll:RPCRT4.dll (00007FFAF39A0000), size: 1130496 (result: 0), SymType: '-nosymbols-', PDB: 'C:\WINDOWS\System32\RPCRT4.dll', fileVersion: 10.0.22621.3810
C:\WINDOWS\System32\SHELL32.dll:SHELL32.dll (00007FFAF51D0000), size: 8810496 (result: 0), SymType: '-nosymbols-', PDB: 'C:\WINDOWS\System32\SHELL32.dll', fileVersion: 10.0.22621.4111
C:\WINDOWS\System32\SHLWAPI.dll:SHLWAPI.dll (00007FFAF4840000), size: 385024 (result: 0), SymType: '-nosymbols-', PDB: 'C:\WINDOWS\System32\SHLWAPI.dll', fileVersion: 10.0.22621.3672
C:\WINDOWS\SYSTEM32\MSVCP140.dll:MSVCP140.dll (00007FFAC5780000), size: 577536 (result: 0), SymType: '-nosymbols-', PDB: 'C:\WINDOWS\SYSTEM32\MSVCP140.dll', fileVersion: 14.40.33810.0
C:\WINDOWS\SYSTEM32\VCRUNTIME140.dll:VCRUNTIME140.dll (00007FFAC5750000), size: 122880 (result: 0), SymType: '-nosymbols-', PDB: 'C:\WINDOWS\SYSTEM32\VCRUNTIME140.dll', fileVersion: 14.40.33810.0
C:\WINDOWS\System32\ole32.dll:ole32.dll (00007FFAF41A0000), size: 1724416 (result: 0), SymType: '-nosymbols-', PDB: 'C:\WINDOWS\System32\ole32.dll', fileVersion: 10.0.22621.3958
C:\WINDOWS\SYSTEM32\VCRUNTIME140_1.dll:VCRUNTIME140_1.dll (00007FFAC5770000), size: 49152 (result: 0), SymType: '-nosymbols-', PDB: 'C:\WINDOWS\SYSTEM32\VCRUNTIME140_1.dll', fileVersion: 14.40.33810.0
C:\WINDOWS\System32\combase.dll:combase.dll (00007FFAF3AE0000), size: 3727360 (result: 0), SymType: '-nosymbols-', PDB: 'C:\WINDOWS\System32\combase.dll', fileVersion: 10.0.22621.4111
C:\WINDOWS\System32\IMM32.dll:IMM32.dll (00007FFAF4800000), size: 200704 (result: 0), SymType: '-nosymbols-', PDB: 'C:\WINDOWS\System32\IMM32.dll', fileVersion: 10.0.22621.3374
C:\WINDOWS\SYSTEM32\OPENGL32.dll:OPENGL32.dll (00007FFAC8020000), size: 1048576 (result: 0), SymType: '-nosymbols-', PDB: 'C:\WINDOWS\SYSTEM32\OPENGL32.dll', fileVersion: 10.0.22621.3672
C:\WINDOWS\System32\SETUPAPI.dll:SETUPAPI.dll (00007FFAF4B40000), size: 4669440 (result: 0), SymType: '-nosymbols-', PDB: 'C:\WINDOWS\System32\SETUPAPI.dll', fileVersion: 10.0.22621.2506
C:\WINDOWS\SYSTEM32\GLU32.dll:GLU32.dll (00007FFACDE40000), size: 184320 (result: 0), SymType: '-nosymbols-', PDB: 'C:\WINDOWS\SYSTEM32\GLU32.dll', fileVersion: 10.0.22621.2506
C:\WINDOWS\System32\OLEAUT32.dll:OLEAUT32.dll (00007FFAF4A60000), size: 880640 (result: 0), SymType: '-nosymbols-', PDB: 'C:\WINDOWS\System32\OLEAUT32.dll', fileVersion: 10.0.22621.3672
C:\WINDOWS\SYSTEM32\IPHLPAPI.DLL:IPHLPAPI.DLL (00007FFAF1AE0000), size: 184320 (result: 0), SymType: '-nosymbols-', PDB: 'C:\WINDOWS\SYSTEM32\IPHLPAPI.DLL', fileVersion: 10.0.22621.1
C:\WINDOWS\SYSTEM32\WINHTTP.dll:WINHTTP.dll (00007FFAEF580000), size: 1269760 (result: 0), SymType: '-nosymbols-', PDB: 'C:\WINDOWS\SYSTEM32\WINHTTP.dll', fileVersion: 10.0.22621.3958
C:\WINDOWS\SYSTEM32\WINMM.dll:WINMM.dll (00007FFAEA1A0000), size: 212992 (result: 0), SymType: '-nosymbols-', PDB: 'C:\WINDOWS\SYSTEM32\WINMM.dll', fileVersion: 10.0.22621.3672
C:\WINDOWS\SYSTEM32\HID.DLL:HID.DLL (00007FFAF1820000), size: 57344 (result: 0), SymType: '-nosymbols-', PDB: 'C:\WINDOWS\SYSTEM32\HID.DLL', fileVersion: 10.0.22621.1
C:\WINDOWS\SYSTEM32\dwmapi.dll:dwmapi.dll (00007FFAF04B0000), size: 176128 (result: 0), SymType: '-nosymbols-', PDB: 'C:\WINDOWS\SYSTEM32\dwmapi.dll', fileVersion: 10.0.22621.3672
E:\UNITY PROGRAM\2022.3.37f1\Editor\SketchUpAPI.dll:SketchUpAPI.dll (00007FFA4D8F0000), size: 8990720 (result: 0), SymType: '-nosymbols-', PDB: 'E:\UNITY PROGRAM\2022.3.37f1\Editor\SketchUpAPI.dll', fileVersion: 23.0.0.0
E:\UNITY PROGRAM\2022.3.37f1\Editor\NativeProxyHelper.dll:NativeProxyHelper.dll (00007FFA77D80000), size: 1789952 (result: 0), SymType: '-nosymbols-', PDB: 'E:\UNITY PROGRAM\2022.3.37f1\Editor\NativeProxyHelper.dll'
C:\WINDOWS\System32\WINTRUST.dll:WINTRUST.dll (00007FFAF34C0000), size: 438272 (result: 0), SymType: '-nosymbols-', PDB: 'C:\WINDOWS\System32\WINTRUST.dll', fileVersion: 10.0.22621.4111
C:\WINDOWS\SYSTEM32\VERSION.dll:VERSION.dll (00007FFAE7990000), size: 40960 (result: 0), SymType: '-nosymbols-', PDB: 'C:\WINDOWS\SYSTEM32\VERSION.dll', fileVersion: 10.0.22621.1
C:\WINDOWS\SYSTEM32\WSOCK32.dll:WSOCK32.dll (00007FFAC5BC0000), size: 36864 (result: 0), SymType: '-nosymbols-', PDB: 'C:\WINDOWS\SYSTEM32\WSOCK32.dll', fileVersion: 10.0.22621.1
E:\UNITY PROGRAM\2022.3.37f1\Editor\SketchUpCommonPreferences.dll:SketchUpCommonPreferences.dll (00007FFA77D00000), size: 499712 (result: 0), SymType: '-nosymbols-', PDB: 'E:\UNITY PROGRAM\2022.3.37f1\Editor\SketchUpCommonPreferences.dll', fileVersion: 23.0.0.0
C:\WINDOWS\SYSTEM32\dxcore.dll:dxcore.dll (00007FFAF0360000), size: 225280 (result: 0), SymType: '-nosymbols-', PDB: 'C:\WINDOWS\SYSTEM32\dxcore.dll', fileVersion: 10.0.22621.3958
C:\WINDOWS\SYSTEM32\Secur32.dll:Secur32.dll (00007FFAF1EB0000), size: 49152 (result: 0), SymType: '-nosymbols-', PDB: 'C:\WINDOWS\SYSTEM32\Secur32.dll', fileVersion: 10.0.22621.1
C:\WINDOWS\SYSTEM32\SSPICLI.DLL:SSPICLI.DLL (00007FFAF2330000), size: 274432 (result: 0), SymType: '-nosymbols-', PDB: 'C:\WINDOWS\SYSTEM32\SSPICLI.DLL', fileVersion: 10.0.22621.3810
E:\UNITY PROGRAM\2022.3.37f1\Editor\OpenRL.dll:OpenRL.dll (000001CB5DA50000), size: 12779520 (result: 0), SymType: '-nosymbols-', PDB: 'E:\UNITY PROGRAM\2022.3.37f1\Editor\OpenRL.dll', fileVersion: 1.5.0.2907
C:\WINDOWS\SYSTEM32\MSVCP100.dll:MSVCP100.dll (0000000054200000), size: 622592 (result: 0), SymType: '-nosymbols-', PDB: 'C:\WINDOWS\SYSTEM32\MSVCP100.dll', fileVersion: 10.0.40219.325
C:\WINDOWS\SYSTEM32\MSVCR100.dll:MSVCR100.dll (00000000542A0000), size: 860160 (result: 0), SymType: '-nosymbols-', PDB: 'C:\WINDOWS\SYSTEM32\MSVCR100.dll', fileVersion: 10.0.40219.325
E:\UNITY PROGRAM\2022.3.37f1\Editor\embree.dll:embree.dll (00007FFA46FC0000), size: 16711680 (result: 0), SymType: '-nosymbols-', PDB: 'E:\UNITY PROGRAM\2022.3.37f1\Editor\embree.dll', fileVersion: 2.14.0.0
C:\WINDOWS\SYSTEM32\cfgmgr32.DLL:cfgmgr32.DLL (00007FFAF2C80000), size: 319488 (result: 0), SymType: '-nosymbols-', PDB: 'C:\WINDOWS\SYSTEM32\cfgmgr32.DLL', fileVersion: 10.0.22621.2506
E:\UNITY PROGRAM\2022.3.37f1\Editor\tbb.dll:tbb.dll (00007FFA77C90000), size: 413696 (result: 0), SymType: '-nosymbols-', PDB: 'E:\UNITY PROGRAM\2022.3.37f1\Editor\tbb.dll', fileVersion: 2017.0.2016.1004
C:\WINDOWS\SYSTEM32\MSVCP120.dll:MSVCP120.dll (00007FFA779D0000), size: 679936 (result: 0), SymType: '-nosymbols-', PDB: 'C:\WINDOWS\SYSTEM32\MSVCP120.dll', fileVersion: 12.0.40664.0
C:\WINDOWS\SYSTEM32\MSVCR120.dll:MSVCR120.dll (00007FFA76EB0000), size: 978944 (result: 0), SymType: '-nosymbols-', PDB: 'C:\WINDOWS\SYSTEM32\MSVCR120.dll', fileVersion: 12.0.40664.0
C:\WINDOWS\SYSTEM32\MSWSOCK.DLL:MSWSOCK.DLL (00007FFAF2540000), size: 430080 (result: 0), SymType: '-nosymbols-', PDB: 'C:\WINDOWS\SYSTEM32\MSWSOCK.DLL', fileVersion: 10.0.22621.2506
E:\UNITY PROGRAM\2022.3.37f1\Editor\OpenRL_pthread.dll:OpenRL_pthread.dll (000001CB5E6A0000), size: 61440 (result: 0), SymType: '-nosymbols-', PDB: 'E:\UNITY PROGRAM\2022.3.37f1\Editor\OpenRL_pthread.dll', fileVersion: 2.9.0.0
C:\WINDOWS\SYSTEM32\MSASN1.dll:MSASN1.dll (00007FFAF2CE0000), size: 73728 (result: 0), SymType: '-nosymbols-', PDB: 'C:\WINDOWS\SYSTEM32\MSASN1.dll', fileVersion: 10.0.22621.2506
C:\WINDOWS\System32\bcryptprimitives.dll:bcryptprimitives.dll (00007FFAF33A0000), size: 503808 (result: 0), SymType: '-nosymbols-', PDB: 'C:\WINDOWS\System32\bcryptprimitives.dll', fileVersion: 10.0.22621.3672
C:\WINDOWS\SYSTEM32\kernel.appcore.dll:kernel.appcore.dll (00007FFAF20D0000), size: 98304 (result: 0), SymType: '-nosymbols-', PDB: 'C:\WINDOWS\SYSTEM32\kernel.appcore.dll', fileVersion: 10.0.22621.3958
C:\WINDOWS\system32\uxtheme.dll:uxtheme.dll (00007FFAF0000000), size: 724992 (result: 0), SymType: '-nosymbols-', PDB: 'C:\WINDOWS\system32\uxtheme.dll', fileVersion: 10.0.22621.4111
C:\ProgramData\A-Volute\A-Volute.Nahimic\Modules\Scheduled\x64\AudioDevProps2.dll:AudioDevProps2.dll (00007FFAAD840000), size: 1257472 (result: 0), SymType: '-nosymbols-', PDB: 'C:\ProgramData\A-Volute\A-Volute.Nahimic\Modules\Scheduled\x64\AudioDevProps2.dll', fileVersion: 2.6.27.0
C:\WINDOWS\SYSTEM32\windows.storage.dll:windows.storage.dll (00007FFAF0F20000), size: 9433088 (result: 0), SymType: '-nosymbols-', PDB: 'C:\WINDOWS\SYSTEM32\windows.storage.dll', fileVersion: 10.0.22621.4169
C:\WINDOWS\SYSTEM32\wintypes.dll:wintypes.dll (00007FFAF0DE0000), size: 1306624 (result: 0), SymType: '-nosymbols-', PDB: 'C:\WINDOWS\SYSTEM32\wintypes.dll', fileVersion: 10.0.22621.3810
C:\WINDOWS\System32\SHCORE.dll:SHCORE.dll (00007FFAF3F20000), size: 1019904 (result: 0), SymType: '-nosymbols-', PDB: 'C:\WINDOWS\System32\SHCORE.dll', fileVersion: 10.0.22621.4111
C:\WINDOWS\SYSTEM32\profapi.dll:profapi.dll (00007FFAF2EC0000), size: 159744 (result: 0), SymType: '-nosymbols-', PDB: 'C:\WINDOWS\SYSTEM32\profapi.dll', fileVersion: 10.0.22621.4111
C:\WINDOWS\system32\IconCodecService.dll:IconCodecService.dll (00007FFAC6CE0000), size: 36864 (result: 0), SymType: '-nosymbols-', PDB: 'C:\WINDOWS\system32\IconCodecService.dll', fileVersion: 10.0.22621.1
C:\WINDOWS\SYSTEM32\WindowsCodecs.dll:WindowsCodecs.dll (00007FFAEFD80000), size: 1773568 (result: 0), SymType: '-nosymbols-', PDB: 'C:\WINDOWS\SYSTEM32\WindowsCodecs.dll', fileVersion: 10.0.22621.3880
C:\WINDOWS\System32\clbcatq.dll:clbcatq.dll (00007FFAF4FC0000), size: 720896 (result: 0), SymType: '-nosymbols-', PDB: 'C:\WINDOWS\System32\clbcatq.dll', fileVersion: 2001.12.10941.16384
C:\WINDOWS\System32\netprofm.dll:netprofm.dll (00007FFAEFA30000), size: 491520 (result: 0), SymType: '-nosymbols-', PDB: 'C:\WINDOWS\System32\netprofm.dll', fileVersion: 10.0.22621.3527
C:\WINDOWS\System32\NSI.dll:NSI.dll (00007FFAF4540000), size: 36864 (result: 0), SymType: '-nosymbols-', PDB: 'C:\WINDOWS\System32\NSI.dll', fileVersion: 10.0.22621.1
C:\WINDOWS\SYSTEM32\dhcpcsvc6.DLL:dhcpcsvc6.DLL (00007FFAEF4B0000), size: 102400 (result: 0), SymType: '-nosymbols-', PDB: 'C:\WINDOWS\SYSTEM32\dhcpcsvc6.DLL', fileVersion: 10.0.22621.2506
C:\WINDOWS\SYSTEM32\dhcpcsvc.DLL:dhcpcsvc.DLL (00007FFAEF490000), size: 126976 (result: 0), SymType: '-nosymbols-', PDB: 'C:\WINDOWS\SYSTEM32\dhcpcsvc.DLL', fileVersion: 10.0.22621.2506
C:\WINDOWS\SYSTEM32\DNSAPI.dll:DNSAPI.dll (00007FFAF1B10000), size: 1015808 (result: 0), SymType: '-nosymbols-', PDB: 'C:\WINDOWS\SYSTEM32\DNSAPI.dll', fileVersion: 10.0.22621.4111
C:\WINDOWS\system32\napinsp.dll:napinsp.dll (00007FFAC2A30000), size: 94208 (result: 0), SymType: '-nosymbols-', PDB: 'C:\WINDOWS\system32\napinsp.dll', fileVersion: 10.0.22621.1
C:\WINDOWS\System32\npmproxy.dll:npmproxy.dll (00007FFAEA1E0000), size: 98304 (result: 0), SymType: '-nosymbols-', PDB: 'C:\WINDOWS\System32\npmproxy.dll', fileVersion: 10.0.22621.3527
C:\WINDOWS\system32\pnrpnsp.dll:pnrpnsp.dll (00007FFAC2960000), size: 110592 (result: 0), SymType: '-nosymbols-', PDB: 'C:\WINDOWS\system32\pnrpnsp.dll', fileVersion: 10.0.22621.1
C:\WINDOWS\System32\winrnr.dll:winrnr.dll (00007FFAC2930000), size: 69632 (result: 0), SymType: '-nosymbols-', PDB: 'C:\WINDOWS\System32\winrnr.dll', fileVersion: 10.0.22621.1
C:\WINDOWS\system32\wshbth.dll:wshbth.dll (00007FFAC5EC0000), size: 86016 (result: 0), SymType: '-nosymbols-', PDB: 'C:\WINDOWS\system32\wshbth.dll', fileVersion: 10.0.22621.3958
C:\WINDOWS\system32\nlansp_c.dll:nlansp_c.dll (00007FFAC2900000), size: 159744 (result: 0), SymType: '-nosymbols-', PDB: 'C:\WINDOWS\system32\nlansp_c.dll', fileVersion: 10.0.22621.3672
C:\WINDOWS\System32\fwpuclnt.dll:fwpuclnt.dll (00007FFAEF150000), size: 536576 (result: 0), SymType: '-nosymbols-', PDB: 'C:\WINDOWS\System32\fwpuclnt.dll', fileVersion: 10.0.22621.3235
C:\Windows\System32\rasadhlp.dll:rasadhlp.dll (00007FFAE9D20000), size: 40960 (result: 0), SymType: '-nosymbols-', PDB: 'C:\Windows\System32\rasadhlp.dll', fileVersion: 10.0.22621.1
E:\UNITY PROGRAM\2022.3.37f1\Editor\NVUnityPlugin.DLL:NVUnityPlugin.DLL (00007FFA68B60000), size: 1519616 (result: 0), SymType: '-nosymbols-', PDB: 'E:\UNITY PROGRAM\2022.3.37f1\Editor\NVUnityPlugin.DLL'
E:\UNITY PROGRAM\2022.3.37f1\Editor\Data\Tools\astcenc-avx2.dll:astcenc-avx2.dll (00007FFA76B60000), size: 540672 (result: 0), SymType: '-nosymbols-', PDB: 'E:\UNITY PROGRAM\2022.3.37f1\Editor\Data\Tools\astcenc-avx2.dll'
C:\WINDOWS\System32\MMDevApi.dll:MMDevApi.dll (00007FFAE1B90000), size: 647168 (result: 0), SymType: '-nosymbols-', PDB: 'C:\WINDOWS\System32\MMDevApi.dll', fileVersion: 10.0.22621.4111
C:\WINDOWS\System32\DEVOBJ.dll:DEVOBJ.dll (00007FFAF2C30000), size: 180224 (result: 0), SymType: '-nosymbols-', PDB: 'C:\WINDOWS\System32\DEVOBJ.dll', fileVersion: 10.0.22621.2506
C:\WINDOWS\SYSTEM32\AudioSes.dll:AudioSes.dll (00007FFAC7800000), size: 2019328 (result: 0), SymType: '-nosymbols-', PDB: 'C:\WINDOWS\SYSTEM32\AudioSes.dll', fileVersion: 10.0.22621.4111
C:\ProgramData\A-Volute\A-Volute.Nahimic\Modules\Scheduled\x64\ProductInfo.dll:ProductInfo.dll (00007FFAE42C0000), size: 421888 (result: 0), SymType: '-nosymbols-', PDB: 'C:\ProgramData\A-Volute\A-Volute.Nahimic\Modules\Scheduled\x64\ProductInfo.dll', fileVersion: 1.10.1.0
C:\ProgramData\A-Volute\A-Volute.Nahimic\Modules\Scheduled\x64\ASM.Plugin.AudioDevProps2.dll:ASM.Plugin.AudioDevProps2.dll (00007FFA75520000), size: 274432 (result: 0), SymType: '-nosymbols-', PDB: 'C:\ProgramData\A-Volute\A-Volute.Nahimic\Modules\Scheduled\x64\ASM.Plugin.AudioDevProps2.dll', fileVersion: 1.0.1.0
C:\WINDOWS\SYSTEM32\dbghelp.dll:dbghelp.dll (00007FFAF0590000), size: 2301952 (result: 0), SymType: '-nosymbols-', PDB: 'C:\WINDOWS\SYSTEM32\dbghelp.dll', fileVersion: 10.0.22621.3593

========== OUTPUTTING STACK TRACE ==================

SymInit: Symbol-SearchPath: '.;E:\1234567\Controller 4.3;E:\1234567\Controller 4.3\Library\BurstCache\JIT;E:\UNITY PROGRAM\2022.3.37f1\Editor;C:\WINDOWS;C:\WINDOWS\system32;', symOptions: 534, UserName: 'USER'
OS-Version: 10.0.0
E:\UNITY PROGRAM\2022.3.37f1\Editor\Unity.exe:Unity.exe (00007FF71D180000), size: 82391040 (result: 0), SymType: '-exported-', PDB: 'E:\UNITY PROGRAM\2022.3.37f1\Editor\Unity.exe', fileVersion: 2022.3.37.2984
C:\WINDOWS\SYSTEM32\ntdll.dll:ntdll.dll (00007FFAF5C70000), size: 2191360 (result: 0), SymType: '-exported-', PDB: 'C:\WINDOWS\SYSTEM32\ntdll.dll', fileVersion: 10.0.22621.4111
C:\WINDOWS\System32\KERNEL32.DLL:KERNEL32.DLL (00007FFAF4350000), size: 802816 (result: 0), SymType: '-nosymbols-', PDB: 'C:\WINDOWS\System32\KERNEL32.DLL', fileVersion: 10.0.22621.3958
C:\WINDOWS\System32\KERNELBASE.dll:KERNELBASE.dll (00007FFAF2F90000), size: 3854336 (result: 0), SymType: '-nosymbols-', PDB: 'C:\WINDOWS\System32\KERNELBASE.dll', fileVersion: 10.0.22621.4111
C:\WINDOWS\System32\CRYPT32.dll:CRYPT32.dll (00007FFAF3770000), size: 1466368 (result: 0), SymType: '-nosymbols-', PDB: 'C:\WINDOWS\System32\CRYPT32.dll', fileVersion: 10.0.22621.4169
C:\WINDOWS\System32\ucrtbase.dll:ucrtbase.dll (00007FFAF3530000), size: 1118208 (result: 0), SymType: '-nosymbols-', PDB: 'C:\WINDOWS\System32\ucrtbase.dll', fileVersion: 10.0.22621.3593
C:\WINDOWS\System32\USER32.dll:USER32.dll (00007FFAF4650000), size: 1761280 (result: 0), SymType: '-exported-', PDB: 'C:\WINDOWS\System32\USER32.dll', fileVersion: 10.0.22621.4111
C:\WINDOWS\System32\win32u.dll:win32u.dll (00007FFAF3340000), size: 155648 (result: 0), SymType: '-exported-', PDB: 'C:\WINDOWS\System32\win32u.dll', fileVersion: 10.0.22621.4169
E:\UNITY PROGRAM\2022.3.37f1\Editor\s3tcompress.dll:s3tcompress.dll (00007FFA870C0000), size: 180224 (result: 0), SymType: '-exported-', PDB: 'E:\UNITY PROGRAM\2022.3.37f1\Editor\s3tcompress.dll'
C:\WINDOWS\System32\GDI32.dll:GDI32.dll (00007FFAF50F0000), size: 167936 (result: 0), SymType: '-exported-', PDB: 'C:\WINDOWS\System32\GDI32.dll', fileVersion: 10.0.22621.4036
E:\UNITY PROGRAM\2022.3.37f1\Editor\etccompress.dll:etccompress.dll (00007FFA763C0000), size: 5066752 (result: 0), SymType: '-exported-', PDB: 'E:\UNITY PROGRAM\2022.3.37f1\Editor\etccompress.dll'
E:\UNITY PROGRAM\2022.3.37f1\Editor\libfbxsdk.dll:libfbxsdk.dll (00007FFA47FB0000), size: 10063872 (result: 0), SymType: '-nosymbols-', PDB: 'E:\UNITY PROGRAM\2022.3.37f1\Editor\libfbxsdk.dll', fileVersion: 2020.3.4.0
E:\UNITY PROGRAM\2022.3.37f1\Editor\ispc_texcomp.dll:ispc_texcomp.dll (00007FFA85AC0000), size: 1826816 (result: 0), SymType: '-nosymbols-', PDB: 'E:\UNITY PROGRAM\2022.3.37f1\Editor\ispc_texcomp.dll'
C:\WINDOWS\System32\gdi32full.dll:gdi32full.dll (00007FFAF3650000), size: 1150976 (result: 0), SymType: '-nosymbols-', PDB: 'C:\WINDOWS\System32\gdi32full.dll', fileVersion: 10.0.22621.3958
E:\UNITY PROGRAM\2022.3.37f1\Editor\compress_bc7e.dll:compress_bc7e.dll (00007FFA86F60000), size: 1433600 (result: 0), SymType: '-exported-', PDB: 'E:\UNITY PROGRAM\2022.3.37f1\Editor\compress_bc7e.dll'
C:\WINDOWS\System32\msvcp_win.dll:msvcp_win.dll (00007FFAF3420000), size: 630784 (result: 0), SymType: '-exported-', PDB: 'C:\WINDOWS\System32\msvcp_win.dll', fileVersion: 10.0.22621.3374
E:\UNITY PROGRAM\2022.3.37f1\Editor\FreeImage.dll:FreeImage.dll (0000000180000000), size: 6582272 (result: 0), SymType: '-exported-', PDB: 'E:\UNITY PROGRAM\2022.3.37f1\Editor\FreeImage.dll', fileVersion: 3.18.0.0
C:\WINDOWS\System32\ADVAPI32.dll:ADVAPI32.dll (00007FFAF4480000), size: 729088 (result: 0), SymType: '-exported-', PDB: 'C:\WINDOWS\System32\ADVAPI32.dll', fileVersion: 10.0.22621.3810
E:\UNITY PROGRAM\2022.3.37f1\Editor\WinPixEventRuntime.dll:WinPixEventRuntime.dll (00007FFAB9270000), size: 45056 (result: 0), SymType: '-nosymbols-', PDB: 'E:\UNITY PROGRAM\2022.3.37f1\Editor\WinPixEventRuntime.dll', fileVersion: 1.0.1812.6001
C:\WINDOWS\System32\msvcrt.dll:msvcrt.dll (00007FFAF5A40000), size: 684032 (result: 0), SymType: '-exported-', PDB: 'C:\WINDOWS\System32\msvcrt.dll', fileVersion: 7.0.22621.2506
C:\WINDOWS\System32\sechost.dll:sechost.dll (00007FFAF5AF0000), size: 692224 (result: 0), SymType: '-nosymbols-', PDB: 'C:\WINDOWS\System32\sechost.dll', fileVersion: 10.0.22621.3810
C:\WINDOWS\System32\bcrypt.dll:bcrypt.dll (00007FFAF3370000), size: 163840 (result: 0), SymType: '-nosymbols-', PDB: 'C:\WINDOWS\System32\bcrypt.dll', fileVersion: 10.0.22621.2506
C:\WINDOWS\System32\WS2_32.dll:WS2_32.dll (00007FFAF5070000), size: 462848 (result: 0), SymType: '-nosymbols-', PDB: 'C:\WINDOWS\System32\WS2_32.dll', fileVersion: 10.0.22621.1
E:\UNITY PROGRAM\2022.3.37f1\Editor\umbraoptimizer64.dll:umbraoptimizer64.dll (00007FFA85990000), size: 1187840 (result: 0), SymType: '-nosymbols-', PDB: 'E:\UNITY PROGRAM\2022.3.37f1\Editor\umbraoptimizer64.dll'
C:\WINDOWS\System32\RPCRT4.dll:RPCRT4.dll (00007FFAF39A0000), size: 1130496 (result: 0), SymType: '-nosymbols-', PDB: 'C:\WINDOWS\System32\RPCRT4.dll', fileVersion: 10.0.22621.3810
C:\WINDOWS\System32\SHELL32.dll:SHELL32.dll (00007FFAF51D0000), size: 8810496 (result: 0), SymType: '-nosymbols-', PDB: 'C:\WINDOWS\System32\SHELL32.dll', fileVersion: 10.0.22621.4111
C:\WINDOWS\System32\SHLWAPI.dll:SHLWAPI.dll (00007FFAF4840000), size: 385024 (result: 0), SymType: '-nosymbols-', PDB: 'C:\WINDOWS\System32\SHLWAPI.dll', fileVersion: 10.0.22621.3672
C:\WINDOWS\SYSTEM32\MSVCP140.dll:MSVCP140.dll (00007FFAC5780000), size: 577536 (result: 0), SymType: '-nosymbols-', PDB: 'C:\WINDOWS\SYSTEM32\MSVCP140.dll', fileVersion: 14.40.33810.0
C:\WINDOWS\SYSTEM32\VCRUNTIME140.dll:VCRUNTIME140.dll (00007FFAC5750000), size: 122880 (result: 0), SymType: '-nosymbols-', PDB: 'C:\WINDOWS\SYSTEM32\VCRUNTIME140.dll', fileVersion: 14.40.33810.0
C:\WINDOWS\System32\ole32.dll:ole32.dll (00007FFAF41A0000), size: 1724416 (result: 0), SymType: '-nosymbols-', PDB: 'C:\WINDOWS\System32\ole32.dll', fileVersion: 10.0.22621.3958
C:\WINDOWS\SYSTEM32\VCRUNTIME140_1.dll:VCRUNTIME140_1.dll (00007FFAC5770000), size: 49152 (result: 0), SymType: '-nosymbols-', PDB: 'C:\WINDOWS\SYSTEM32\VCRUNTIME140_1.dll', fileVersion: 14.40.33810.0
C:\WINDOWS\System32\combase.dll:combase.dll (00007FFAF3AE0000), size: 3727360 (result: 0), SymType: '-nosymbols-', PDB: 'C:\WINDOWS\System32\combase.dll', fileVersion: 10.0.22621.4111
C:\WINDOWS\System32\IMM32.dll:IMM32.dll (00007FFAF4800000), size: 200704 (result: 0), SymType: '-nosymbols-', PDB: 'C:\WINDOWS\System32\IMM32.dll', fileVersion: 10.0.22621.3374
C:\WINDOWS\SYSTEM32\OPENGL32.dll:OPENGL32.dll (00007FFAC8020000), size: 1048576 (result: 0), SymType: '-nosymbols-', PDB: 'C:\WINDOWS\SYSTEM32\OPENGL32.dll', fileVersion: 10.0.22621.3672
C:\WINDOWS\System32\SETUPAPI.dll:SETUPAPI.dll (00007FFAF4B40000), size: 4669440 (result: 0), SymType: '-nosymbols-', PDB: 'C:\WINDOWS\System32\SETUPAPI.dll', fileVersion: 10.0.22621.2506
C:\WINDOWS\SYSTEM32\GLU32.dll:GLU32.dll (00007FFACDE40000), size: 184320 (result: 0), SymType: '-nosymbols-', PDB: 'C:\WINDOWS\SYSTEM32\GLU32.dll', fileVersion: 10.0.22621.2506
C:\WINDOWS\System32\OLEAUT32.dll:OLEAUT32.dll (00007FFAF4A60000), size: 880640 (result: 0), SymType: '-nosymbols-', PDB: 'C:\WINDOWS\System32\OLEAUT32.dll', fileVersion: 10.0.22621.3672
C:\WINDOWS\SYSTEM32\IPHLPAPI.DLL:IPHLPAPI.DLL (00007FFAF1AE0000), size: 184320 (result: 0), SymType: '-nosymbols-', PDB: 'C:\WINDOWS\SYSTEM32\IPHLPAPI.DLL', fileVersion: 10.0.22621.1
C:\WINDOWS\SYSTEM32\WINHTTP.dll:WINHTTP.dll (00007FFAEF580000), size: 1269760 (result: 0), SymType: '-nosymbols-', PDB: 'C:\WINDOWS\SYSTEM32\WINHTTP.dll', fileVersion: 10.0.22621.3958
C:\WINDOWS\SYSTEM32\WINMM.dll:WINMM.dll (00007FFAEA1A0000), size: 212992 (result: 0), SymType: '-nosymbols-', PDB: 'C:\WINDOWS\SYSTEM32\WINMM.dll', fileVersion: 10.0.22621.3672
C:\WINDOWS\SYSTEM32\HID.DLL:HID.DLL (00007FFAF1820000), size: 57344 (result: 0), SymType: '-nosymbols-', PDB: 'C:\WINDOWS\SYSTEM32\HID.DLL', fileVersion: 10.0.22621.1
C:\WINDOWS\SYSTEM32\dwmapi.dll:dwmapi.dll (00007FFAF04B0000), size: 176128 (result: 0), SymType: '-nosymbols-', PDB: 'C:\WINDOWS\SYSTEM32\dwmapi.dll', fileVersion: 10.0.22621.3672
E:\UNITY PROGRAM\2022.3.37f1\Editor\SketchUpAPI.dll:SketchUpAPI.dll (00007FFA4D8F0000), size: 8990720 (result: 0), SymType: '-nosymbols-', PDB: 'E:\UNITY PROGRAM\2022.3.37f1\Editor\SketchUpAPI.dll', fileVersion: 23.0.0.0
E:\UNITY PROGRAM\2022.3.37f1\Editor\NativeProxyHelper.dll:NativeProxyHelper.dll (00007FFA77D80000), size: 1789952 (result: 0), SymType: '-nosymbols-', PDB: 'E:\UNITY PROGRAM\2022.3.37f1\Editor\NativeProxyHelper.dll'
C:\WINDOWS\System32\WINTRUST.dll:WINTRUST.dll (00007FFAF34C0000), size: 438272 (result: 0), SymType: '-nosymbols-', PDB: 'C:\WINDOWS\System32\WINTRUST.dll', fileVersion: 10.0.22621.4111
C:\WINDOWS\SYSTEM32\VERSION.dll:VERSION.dll (00007FFAE7990000), size: 40960 (result: 0), SymType: '-nosymbols-', PDB: 'C:\WINDOWS\SYSTEM32\VERSION.dll', fileVersion: 10.0.22621.1
C:\WINDOWS\SYSTEM32\WSOCK32.dll:WSOCK32.dll (00007FFAC5BC0000), size: 36864 (result: 0), SymType: '-nosymbols-', PDB: 'C:\WINDOWS\SYSTEM32\WSOCK32.dll', fileVersion: 10.0.22621.1
E:\UNITY PROGRAM\2022.3.37f1\Editor\SketchUpCommonPreferences.dll:SketchUpCommonPreferences.dll (00007FFA77D00000), size: 499712 (result: 0), SymType: '-nosymbols-', PDB: 'E:\UNITY PROGRAM\2022.3.37f1\Editor\SketchUpCommonPreferences.dll', fileVersion: 23.0.0.0
C:\WINDOWS\SYSTEM32\dxcore.dll:dxcore.dll (00007FFAF0360000), size: 225280 (result: 0), SymType: '-nosymbols-', PDB: 'C:\WINDOWS\SYSTEM32\dxcore.dll', fileVersion: 10.0.22621.3958
C:\WINDOWS\SYSTEM32\Secur32.dll:Secur32.dll (00007FFAF1EB0000), size: 49152 (result: 0), SymType: '-nosymbols-', PDB: 'C:\WINDOWS\SYSTEM32\Secur32.dll', fileVersion: 10.0.22621.1
C:\WINDOWS\SYSTEM32\SSPICLI.DLL:SSPICLI.DLL (00007FFAF2330000), size: 274432 (result: 0), SymType: '-nosymbols-', PDB: 'C:\WINDOWS\SYSTEM32\SSPICLI.DLL', fileVersion: 10.0.22621.3810
E:\UNITY PROGRAM\2022.3.37f1\Editor\OpenRL.dll:OpenRL.dll (000001CB5DA50000), size: 12779520 (result: 0), SymType: '-nosymbols-', PDB: 'E:\UNITY PROGRAM\2022.3.37f1\Editor\OpenRL.dll', fileVersion: 1.5.0.2907
C:\WINDOWS\SYSTEM32\MSVCP100.dll:MSVCP100.dll (0000000054200000), size: 622592 (result: 0), SymType: '-nosymbols-', PDB: 'C:\WINDOWS\SYSTEM32\MSVCP100.dll', fileVersion: 10.0.40219.325
C:\WINDOWS\SYSTEM32\MSVCR100.dll:MSVCR100.dll (00000000542A0000), size: 860160 (result: 0), SymType: '-nosymbols-', PDB: 'C:\WINDOWS\SYSTEM32\MSVCR100.dll', fileVersion: 10.0.40219.325
E:\UNITY PROGRAM\2022.3.37f1\Editor\embree.dll:embree.dll (00007FFA46FC0000), size: 16711680 (result: 0), SymType: '-nosymbols-', PDB: 'E:\UNITY PROGRAM\2022.3.37f1\Editor\embree.dll', fileVersion: 2.14.0.0
C:\WINDOWS\SYSTEM32\cfgmgr32.DLL:cfgmgr32.DLL (00007FFAF2C80000), size: 319488 (result: 0), SymType: '-nosymbols-', PDB: 'C:\WINDOWS\SYSTEM32\cfgmgr32.DLL', fileVersion: 10.0.22621.2506
E:\UNITY PROGRAM\2022.3.37f1\Editor\tbb.dll:tbb.dll (00007FFA77C90000), size: 413696 (result: 0), SymType: '-nosymbols-', PDB: 'E:\UNITY PROGRAM\2022.3.37f1\Editor\tbb.dll', fileVersion: 2017.0.2016.1004
C:\WINDOWS\SYSTEM32\MSVCP120.dll:MSVCP120.dll (00007FFA779D0000), size: 679936 (result: 0), SymType: '-nosymbols-', PDB: 'C:\WINDOWS\SYSTEM32\MSVCP120.dll', fileVersion: 12.0.40664.0
C:\WINDOWS\SYSTEM32\MSVCR120.dll:MSVCR120.dll (00007FFA76EB0000), size: 978944 (result: 0), SymType: '-nosymbols-', PDB: 'C:\WINDOWS\SYSTEM32\MSVCR120.dll', fileVersion: 12.0.40664.0
C:\WINDOWS\SYSTEM32\MSWSOCK.DLL:MSWSOCK.DLL (00007FFAF2540000), size: 430080 (result: 0), SymType: '-nosymbols-', PDB: 'C:\WINDOWS\SYSTEM32\MSWSOCK.DLL', fileVersion: 10.0.22621.2506
E:\UNITY PROGRAM\2022.3.37f1\Editor\OpenRL_pthread.dll:OpenRL_pthread.dll (000001CB5E6A0000), size: 61440 (result: 0), SymType: '-nosymbols-', PDB: 'E:\UNITY PROGRAM\2022.3.37f1\Editor\OpenRL_pthread.dll', fileVersion: 2.9.0.0
C:\WINDOWS\SYSTEM32\MSASN1.dll:MSASN1.dll (00007FFAF2CE0000), size: 73728 (result: 0), SymType: '-nosymbols-', PDB: 'C:\WINDOWS\SYSTEM32\MSASN1.dll', fileVersion: 10.0.22621.2506
C:\WINDOWS\System32\bcryptprimitives.dll:bcryptprimitives.dll (00007FFAF33A0000), size: 503808 (result: 0), SymType: '-nosymbols-', PDB: 'C:\WINDOWS\System32\bcryptprimitives.dll', fileVersion: 10.0.22621.3672
C:\WINDOWS\SYSTEM32\kernel.appcore.dll:kernel.appcore.dll (00007FFAF20D0000), size: 98304 (result: 0), SymType: '-nosymbols-', PDB: 'C:\WINDOWS\SYSTEM32\kernel.appcore.dll', fileVersion: 10.0.22621.3958
C:\WINDOWS\system32\uxtheme.dll:uxtheme.dll (00007FFAF0000000), size: 724992 (result: 0), SymType: '-nosymbols-', PDB: 'C:\WINDOWS\system32\uxtheme.dll', fileVersion: 10.0.22621.4111
C:\ProgramData\A-Volute\A-Volute.Nahimic\Modules\Scheduled\x64\AudioDevProps2.dll:AudioDevProps2.dll (00007FFAAD840000), size: 1257472 (result: 0), SymType: '-nosymbols-', PDB: 'C:\ProgramData\A-Volute\A-Volute.Nahimic\Modules\Scheduled\x64\AudioDevProps2.dll', fileVersion: 2.6.27.0
C:\WINDOWS\SYSTEM32\windows.storage.dll:windows.storage.dll (00007FFAF0F20000), size: 9433088 (result: 0), SymType: '-nosymbols-', PDB: 'C:\WINDOWS\SYSTEM32\windows.storage.dll', fileVersion: 10.0.22621.4169
C:\WINDOWS\SYSTEM32\wintypes.dll:wintypes.dll (00007FFAF0DE0000), size: 1306624 (result: 0), SymType: '-nosymbols-', PDB: 'C:\WINDOWS\SYSTEM32\wintypes.dll', fileVersion: 10.0.22621.3810
C:\WINDOWS\System32\SHCORE.dll:SHCORE.dll (00007FFAF3F20000), size: 1019904 (result: 0), SymType: '-nosymbols-', PDB: 'C:\WINDOWS\System32\SHCORE.dll', fileVersion: 10.0.22621.4111
C:\WINDOWS\SYSTEM32\profapi.dll:profapi.dll (00007FFAF2EC0000), size: 159744 (result: 0), SymType: '-nosymbols-', PDB: 'C:\WINDOWS\SYSTEM32\profapi.dll', fileVersion: 10.0.22621.4111
C:\WINDOWS\system32\IconCodecService.dll:IconCodecService.dll (00007FFAC6CE0000), size: 36864 (result: 0), SymType: '-nosymbols-', PDB: 'C:\WINDOWS\system32\IconCodecService.dll', fileVersion: 10.0.22621.1
C:\WINDOWS\SYSTEM32\WindowsCodecs.dll:WindowsCodecs.dll (00007FFAEFD80000), size: 1773568 (result: 0), SymType: '-nosymbols-', PDB: 'C:\WINDOWS\SYSTEM32\WindowsCodecs.dll', fileVersion: 10.0.22621.3880
C:\WINDOWS\System32\clbcatq.dll:clbcatq.dll (00007FFAF4FC0000), size: 720896 (result: 0), SymType: '-nosymbols-', PDB: 'C:\WINDOWS\System32\clbcatq.dll', fileVersion: 2001.12.10941.16384
C:\WINDOWS\System32\netprofm.dll:netprofm.dll (00007FFAEFA30000), size: 491520 (result: 0), SymType: '-nosymbols-', PDB: 'C:\WINDOWS\System32\netprofm.dll', fileVersion: 10.0.22621.3527
C:\WINDOWS\System32\NSI.dll:NSI.dll (00007FFAF4540000), size: 36864 (result: 0), SymType: '-nosymbols-', PDB: 'C:\WINDOWS\System32\NSI.dll', fileVersion: 10.0.22621.1
C:\WINDOWS\SYSTEM32\dhcpcsvc6.DLL:dhcpcsvc6.DLL (00007FFAEF4B0000), size: 102400 (result: 0), SymType: '-nosymbols-', PDB: 'C:\WINDOWS\SYSTEM32\dhcpcsvc6.DLL', fileVersion: 10.0.22621.2506
C:\WINDOWS\SYSTEM32\dhcpcsvc.DLL:dhcpcsvc.DLL (00007FFAEF490000), size: 126976 (result: 0), SymType: '-nosymbols-', PDB: 'C:\WINDOWS\SYSTEM32\dhcpcsvc.DLL', fileVersion: 10.0.22621.2506
C:\WINDOWS\SYSTEM32\DNSAPI.dll:DNSAPI.dll (00007FFAF1B10000), size: 1015808 (result: 0), SymType: '-nosymbols-', PDB: 'C:\WINDOWS\SYSTEM32\DNSAPI.dll', fileVersion: 10.0.22621.4111
C:\WINDOWS\system32\napinsp.dll:napinsp.dll (00007FFAC2A30000), size: 94208 (result: 0), SymType: '-nosymbols-', PDB: 'C:\WINDOWS\system32\napinsp.dll', fileVersion: 10.0.22621.1
C:\WINDOWS\System32\npmproxy.dll:npmproxy.dll (00007FFAEA1E0000), size: 98304 (result: 0), SymType: '-nosymbols-', PDB: 'C:\WINDOWS\System32\npmproxy.dll', fileVersion: 10.0.22621.3527
C:\WINDOWS\system32\pnrpnsp.dll:pnrpnsp.dll (00007FFAC2960000), size: 110592 (result: 0), SymType: '-nosymbols-', PDB: 'C:\WINDOWS\system32\pnrpnsp.dll', fileVersion: 10.0.22621.1
C:\WINDOWS\System32\winrnr.dll:winrnr.dll (00007FFAC2930000), size: 69632 (result: 0), SymType: '-nosymbols-', PDB: 'C:\WINDOWS\System32\winrnr.dll', fileVersion: 10.0.22621.1
C:\WINDOWS\system32\wshbth.dll:wshbth.dll (00007FFAC5EC0000), size: 86016 (result: 0), SymType: '-nosymbols-', PDB: 'C:\WINDOWS\system32\wshbth.dll', fileVersion: 10.0.22621.3958
C:\WINDOWS\system32\nlansp_c.dll:nlansp_c.dll (00007FFAC2900000), size: 159744 (result: 0), SymType: '-nosymbols-', PDB: 'C:\WINDOWS\system32\nlansp_c.dll', fileVersion: 10.0.22621.3672
C:\WINDOWS\System32\fwpuclnt.dll:fwpuclnt.dll (00007FFAEF150000), size: 536576 (result: 0), SymType: '-nosymbols-', PDB: 'C:\WINDOWS\System32\fwpuclnt.dll', fileVersion: 10.0.22621.3235
C:\Windows\System32\rasadhlp.dll:rasadhlp.dll (00007FFAE9D20000), size: 40960 (result: 0), SymType: '-nosymbols-', PDB: 'C:\Windows\System32\rasadhlp.dll', fileVersion: 10.0.22621.1
E:\UNITY PROGRAM\2022.3.37f1\Editor\NVUnityPlugin.DLL:NVUnityPlugin.DLL (00007FFA68B60000), size: 1519616 (result: 0), SymType: '-nosymbols-', PDB: 'E:\UNITY PROGRAM\2022.3.37f1\Editor\NVUnityPlugin.DLL'
E:\UNITY PROGRAM\2022.3.37f1\Editor\Data\Tools\astcenc-avx2.dll:astcenc-avx2.dll (00007FFA76B60000), size: 540672 (result: 0), SymType: '-nosymbols-', PDB: 'E:\UNITY PROGRAM\2022.3.37f1\Editor\Data\Tools\astcenc-avx2.dll'
C:\WINDOWS\System32\MMDevApi.dll:MMDevApi.dll (00007FFAE1B90000), size: 647168 (result: 0), SymType: '-nosymbols-', PDB: 'C:\WINDOWS\System32\MMDevApi.dll', fileVersion: 10.0.22621.4111
C:\WINDOWS\System32\DEVOBJ.dll:DEVOBJ.dll (00007FFAF2C30000), size: 180224 (result: 0), SymType: '-nosymbols-', PDB: 'C:\WINDOWS\System32\DEVOBJ.dll', fileVersion: 10.0.22621.2506
C:\WINDOWS\SYSTEM32\AudioSes.dll:AudioSes.dll (00007FFAC7800000), size: 2019328 (result: 0), SymType: '-nosymbols-', PDB: 'C:\WINDOWS\SYSTEM32\AudioSes.dll', fileVersion: 10.0.22621.4111
C:\ProgramData\A-Volute\A-Volute.Nahimic\Modules\Scheduled\x64\ProductInfo.dll:ProductInfo.dll (00007FFAE42C0000), size: 421888 (result: 0), SymType: '-nosymbols-', PDB: 'C:\ProgramData\A-Volute\A-Volute.Nahimic\Modules\Scheduled\x64\ProductInfo.dll', fileVersion: 1.10.1.0
C:\ProgramData\A-Volute\A-Volute.Nahimic\Modules\Scheduled\x64\ASM.Plugin.AudioDevProps2.dll:ASM.Plugin.AudioDevProps2.dll (00007FFA75520000), size: 274432 (result: 0), SymType: '-nosymbols-', PDB: 'C:\ProgramData\A-Volute\A-Volute.Nahimic\Modules\Scheduled\x64\ASM.Plugin.AudioDevProps2.dll', fileVersion: 1.0.1.0
C:\WINDOWS\SYSTEM32\dbghelp.dll:dbghelp.dll (00007FFAF0590000), size: 2301952 (result: 0), SymType: '-nosymbols-', PDB: 'C:\WINDOWS\SYSTEM32\dbghelp.dll', fileVersion: 10.0.22621.3593
  ERROR: SymGetSymFromAddr64, GetLastError: 'Attempt to access invalid address.' (Address: 00007FF71E358DA8)
0x00007FF71E358DA8 (Unity) (function-name not available)
  ERROR: SymGetSymFromAddr64, GetLastError: 'Attempt to access invalid address.' (Address: 00007FF71E358EC1)
0x00007FF71E358EC1 (Unity) (function-name not available)
  ERROR: SymGetSymFromAddr64, GetLastError: 'Attempt to access invalid address.' (Address: 00007FF71E36929A)
0x00007FF71E36929A (Unity) (function-name not available)
0x00007FF72077F768 (Unity) udnSetPath
0x00007FF720845300 (Unity) udnSetPath
0x00007FF7207484E0 (Unity) udnSetPath
0x00007FFAF5D151DF (ntdll) _chkstk
0x00007FFAF5C8E866 (ntdll) RtlFindCharInUnicodeString
0x00007FFAF5D141CE (ntdll) KiUserExceptionDispatcher
  ERROR: SymGetSymFromAddr64, GetLastError: 'Attempt to access invalid address.' (Address: 00007FF71DB65530)
0x00007FF71DB65530 (Unity) (function-name not available)
  ERROR: SymGetSymFromAddr64, GetLastError: 'Attempt to access invalid address.' (Address: 00007FF71DB64008)
0x00007FF71DB64008 (Unity) (function-name not available)
  ERROR: SymGetSymFromAddr64, GetLastError: 'Attempt to access invalid address.' (Address: 00007FF71DB72C4C)
0x00007FF71DB72C4C (Unity) (function-name not available)
  ERROR: SymGetSymFromAddr64, GetLastError: 'Attempt to access invalid address.' (Address: 00007FF71DB64721)
0x00007FF71DB64721 (Unity) (function-name not available)
  ERROR: SymGetSymFromAddr64, GetLastError: 'Attempt to access invalid address.' (Address: 00007FF71DB6EC6E)
0x00007FF71DB6EC6E (Unity) (function-name not available)
  ERROR: SymGetSymFromAddr64, GetLastError: 'Attempt to access invalid address.' (Address: 00007FF71E08B1EB)
0x00007FF71E08B1EB (Unity) (function-name not available)
0x00007FF71F6FA194 (Unity) udnSetPath
0x00007FF71F6F9D4D (Unity) udnSetPath
0x00007FF71F6F9EC6 (Unity) udnSetPath
0x00007FF71F6CA9F8 (Unity) udnSetPath
0x00007FF71F648455 (Unity) udnSetPath
  ERROR: SymGetSymFromAddr64, GetLastError: 'Attempt to access invalid address.' (Address: 00007FF71EED1860)
0x00007FF71EED1860 (Unity) (function-name not available)
  ERROR: SymGetSymFromAddr64, GetLastError: 'Attempt to access invalid address.' (Address: 00007FF71F365765)
0x00007FF71F365765 (Unity) (function-name not available)
0x00007FF720725E5E (Unity) udnSetPath
  ERROR: SymGetSymFromAddr64, GetLastError: 'Attempt to access invalid address.' (Address: 00007FFAF436257D)
0x00007FFAF436257D (KERNEL32) (function-name not available)
0x00007FFAF5CCAF28 (ntdll) RtlUserThreadStart

========== END OF STACKTRACE ===========

A crash has been intercepted by the crash handler. For call stack and other details, see the latest crash report generated in:
 * C:/Users/USER/AppData/Local/Temp/Unity/Editor/Crashes
